0 info it worked if it ends with ok
1 verbose cli [ '/usr/local/bin/node',
1 verbose cli   '/usr/local/bin/npm',
1 verbose cli   'publish',
1 verbose cli   '1.0.2' ]
2 info using npm@3.8.6
3 info using node@v5.11.1
4 verbose publish [ '1.0.2' ]
5 silly cache add args [ '1.0.2', null ]
6 verbose cache add spec 1.0.2
7 silly cache add parsed spec Result {
7 silly cache add   raw: '1.0.2',
7 silly cache add   scope: null,
7 silly cache add   name: '1.0.2',
7 silly cache add   rawSpec: '',
7 silly cache add   spec: 'latest',
7 silly cache add   type: 'tag' }
8 silly addNamed 1.0.2@latest
9 verbose addNamed "latest" is being treated as a dist-tag for 1.0.2
10 info addNameTag [ '1.0.2', 'latest' ]
11 silly mapToRegistry name 1.0.2
12 silly mapToRegistry using default registry
13 silly mapToRegistry registry https://registry.npmjs.org/
14 silly mapToRegistry data Result {
14 silly mapToRegistry   raw: '1.0.2',
14 silly mapToRegistry   scope: null,
14 silly mapToRegistry   name: '1.0.2',
14 silly mapToRegistry   rawSpec: '',
14 silly mapToRegistry   spec: 'latest',
14 silly mapToRegistry   type: 'tag' }
15 silly mapToRegistry uri https://registry.npmjs.org/1.0.2
16 verbose addNameTag registry:https://registry.npmjs.org/1.0.2 not in flight; fetching
17 verbose request uri https://registry.npmjs.org/1.0.2
18 verbose request no auth needed
19 info attempt registry request try #1 at 15:08:37
20 verbose request using bearer token for auth
21 verbose request id 382491c19285517d
22 http request GET https://registry.npmjs.org/1.0.2
23 http 200 https://registry.npmjs.org/1.0.2
24 verbose headers { server: 'CouchDB/1.5.0 (Erlang OTP/R16B03)',
24 verbose headers   etag: '"6KHJH0FTN0CSLW4F8W7BW47SR"',
24 verbose headers   'content-type': 'application/json',
24 verbose headers   'content-encoding': 'gzip',
24 verbose headers   'cache-control': 'max-age=300',
24 verbose headers   'transfer-encoding': 'chunked',
24 verbose headers   'accept-ranges': 'bytes',
24 verbose headers   date: 'Fri, 16 Sep 2016 13:08:39 GMT',
24 verbose headers   via: '1.1 varnish',
24 verbose headers   connection: 'keep-alive',
24 verbose headers   'x-served-by': 'cache-lhr6330-LHR',
24 verbose headers   'x-cache': 'MISS',
24 verbose headers   'x-cache-hits': '0',
24 verbose headers   'x-timer': 'S1474031319.167102,VS0,VE179',
24 verbose headers   vary: 'Accept-Encoding' }
25 silly get cb [ 200,
25 silly get   { server: 'CouchDB/1.5.0 (Erlang OTP/R16B03)',
25 silly get     etag: '"6KHJH0FTN0CSLW4F8W7BW47SR"',
25 silly get     'content-type': 'application/json',
25 silly get     'content-encoding': 'gzip',
25 silly get     'cache-control': 'max-age=300',
25 silly get     'transfer-encoding': 'chunked',
25 silly get     'accept-ranges': 'bytes',
25 silly get     date: 'Fri, 16 Sep 2016 13:08:39 GMT',
25 silly get     via: '1.1 varnish',
25 silly get     connection: 'keep-alive',
25 silly get     'x-served-by': 'cache-lhr6330-LHR',
25 silly get     'x-cache': 'MISS',
25 silly get     'x-cache-hits': '0',
25 silly get     'x-timer': 'S1474031319.167102,VS0,VE179',
25 silly get     vary: 'Accept-Encoding' } ]
26 verbose get saving 1.0.2 to /Users/smith/.npm/registry.npmjs.org/1.0.2/.cache.json
27 verbose correctMkdir /Users/smith/.npm correctMkdir not in flight; initializing
28 silly addNameTag next cb for 1.0.2 with tag latest
29 silly addNamed 1.0.2@1.0.0
30 verbose addNamed "1.0.0" is a plain semver version for 1.0.2
31 silly mapToRegistry name 1.0.2
32 silly mapToRegistry using default registry
33 silly mapToRegistry registry https://registry.npmjs.org/
34 silly mapToRegistry data Result {
34 silly mapToRegistry   raw: '1.0.2',
34 silly mapToRegistry   scope: null,
34 silly mapToRegistry   name: '1.0.2',
34 silly mapToRegistry   rawSpec: '',
34 silly mapToRegistry   spec: 'latest',
34 silly mapToRegistry   type: 'tag' }
35 silly mapToRegistry uri https://registry.npmjs.org/1.0.2
36 verbose addRemoteTarball https://registry.npmjs.org/1.0.2/-/1.0.2-1.0.0.tgz not in flight; adding
37 verbose addRemoteTarball [ 'https://registry.npmjs.org/1.0.2/-/1.0.2-1.0.0.tgz',
37 verbose addRemoteTarball   'c9daa2fa55fce3680cce536e313714d65e5313e7' ]
38 info retry fetch attempt 1 at 15:08:38
39 info attempt registry request try #1 at 15:08:38
40 http fetch GET https://registry.npmjs.org/1.0.2/-/1.0.2-1.0.0.tgz
41 verbose request using bearer token for auth
42 http fetch 200 https://registry.npmjs.org/1.0.2/-/1.0.2-1.0.0.tgz
43 silly fetchAndShaCheck shasum c9daa2fa55fce3680cce536e313714d65e5313e7
44 verbose addTmpTarball /var/folders/st/nfp8sw5x3ql76qdsvt5kw0z40000gn/T/npm-40792-c51ddbd2/registry.npmjs.org/1.0.2/-/1.0.2-1.0.0.tgz not in flight; adding
45 verbose addTmpTarball already have metadata; skipping unpack for 1.0.2@1.0.0
46 verbose correctMkdir /Users/smith/.npm correctMkdir not in flight; initializing
47 silly cache afterAdd 1.0.2@1.0.0
48 verbose afterAdd /Users/smith/.npm/1.0.2/1.0.0/package/package.json not in flight; writing
49 verbose correctMkdir /Users/smith/.npm correctMkdir not in flight; initializing
50 verbose afterAdd /Users/smith/.npm/1.0.2/1.0.0/package/package.json written
51 silly publish { name: '1.0.2',
51 silly publish   version: '1.0.0',
51 silly publish   main: 'index.js',
51 silly publish   scripts: { test: 'echo "Error: no test specified" && exit 1' },
51 silly publish   keywords: [],
51 silly publish   author: { name: 'Tim Oxley' },
51 silly publish   license: 'ISC',
51 silly publish   _id: '1.0.2@1.0.0',
51 silly publish   _shasum: 'c9daa2fa55fce3680cce536e313714d65e5313e7',
51 silly publish   _from: '1.0.2@latest',
51 silly publish   _npmVersion: '2.1.9',
51 silly publish   _nodeVersion: '0.10.33',
51 silly publish   _npmUser: { name: 'timoxley', email: 'secoif@gmail.com' },
51 silly publish   maintainers: [ { name: 'timoxley', email: 'secoif@gmail.com' } ],
51 silly publish   dist:
51 silly publish    { shasum: 'c9daa2fa55fce3680cce536e313714d65e5313e7',
51 silly publish      tarball: 'https://registry.npmjs.org/1.0.2/-/1.0.2-1.0.0.tgz' },
51 silly publish   directories: {},
51 silly publish   _resolved: 'https://registry.npmjs.org/1.0.2/-/1.0.2-1.0.0.tgz' }
52 info lifecycle 1.0.2@1.0.0~prepublish: 1.0.2@1.0.0
53 silly lifecycle 1.0.2@1.0.0~prepublish: no script for prepublish, continuing
54 verbose getPublishConfig undefined
55 silly mapToRegistry name 1.0.2
56 silly mapToRegistry using default registry
57 silly mapToRegistry registry https://registry.npmjs.org/
58 silly mapToRegistry data Result {
58 silly mapToRegistry   raw: '1.0.2',
58 silly mapToRegistry   scope: null,
58 silly mapToRegistry   name: '1.0.2',
58 silly mapToRegistry   rawSpec: '',
58 silly mapToRegistry   spec: 'latest',
58 silly mapToRegistry   type: 'tag' }
59 silly mapToRegistry uri https://registry.npmjs.org/1.0.2
60 verbose publish registryBase https://registry.npmjs.org/
61 silly publish uploading /Users/smith/.npm/1.0.2/1.0.0/package.tgz
62 verbose request uri https://registry.npmjs.org/1.0.2
63 verbose request sending authorization for write operation
64 info attempt registry request try #1 at 15:08:38
65 verbose request using bearer token for auth
66 http request PUT https://registry.npmjs.org/1.0.2
67 http 403 https://registry.npmjs.org/1.0.2
68 verbose headers { 'content-type': 'application/json',
68 verbose headers   'cache-control': 'max-age=300',
68 verbose headers   'content-length': '99',
68 verbose headers   'accept-ranges': 'bytes',
68 verbose headers   date: 'Fri, 16 Sep 2016 13:08:40 GMT',
68 verbose headers   via: '1.1 varnish',
68 verbose headers   connection: 'keep-alive',
68 verbose headers   'x-served-by': 'cache-lhr6330-LHR',
68 verbose headers   'x-cache': 'MISS',
68 verbose headers   'x-cache-hits': '0',
68 verbose headers   'x-timer': 'S1474031319.707952,VS0,VE555',
68 verbose headers   vary: 'Accept-Encoding' }
69 verbose request invalidating /Users/smith/.npm/registry.npmjs.org/1.0.2 on PUT
70 error publish Failed PUT 403
71 verbose stack Error: you do not have permission to publish "1.0.2". Are you logged in as the correct user? : 1.0.2
71 verbose stack     at makeError (/usr/local/lib/node_modules/npm/node_modules/npm-registry-client/lib/request.js:264:12)
71 verbose stack     at CachingRegistryClient.<anonymous> (/usr/local/lib/node_modules/npm/node_modules/npm-registry-client/lib/request.js:252:14)
71 verbose stack     at Request._callback (/usr/local/lib/node_modules/npm/node_modules/npm-registry-client/lib/request.js:172:14)
71 verbose stack     at Request.self.callback (/usr/local/lib/node_modules/npm/node_modules/request/request.js:199:22)
71 verbose stack     at emitTwo (events.js:100:13)
71 verbose stack     at Request.emit (events.js:185:7)
71 verbose stack     at Request.<anonymous> (/usr/local/lib/node_modules/npm/node_modules/request/request.js:1036:10)
71 verbose stack     at emitOne (events.js:95:20)
71 verbose stack     at Request.emit (events.js:182:7)
71 verbose stack     at IncomingMessage.<anonymous> (/usr/local/lib/node_modules/npm/node_modules/request/request.js:963:12)
72 verbose statusCode 403
73 verbose pkgid 1.0.2
74 verbose cwd /Users/smith/Git/ship-wordpress
75 error Darwin 15.4.0
76 error argv "/usr/local/bin/node" "/usr/local/bin/npm" "publish" "1.0.2"
77 error node v5.11.1
78 error npm  v3.8.6
79 error code E403
80 error you do not have permission to publish "1.0.2". Are you logged in as the correct user? : 1.0.2
81 error If you need help, you may report this error at:
81 error     <https://github.com/npm/npm/issues>
82 verbose exit [ 1, true ]
